# JRE version: OpenJDK Runtime Environment Temurin-17.0.4.1+1 (17.0.4.1+1) (build 17.0.4.1+1)
# Java VM: OpenJDK 64-Bit Server VM Temurin-17.0.4.1+1 (17.0.4.1+1, mixed mode, emulated-client, tiered, compressed oops, compressed class ptrs, g1 gc, linux-amd64)
GC Precious Log:
 CPUs: 8 total, 8 available
 Memory: 15918M
 Large Page Support: Disabled
 NUMA Support: Disabled
 Compressed Oops: Enabled (Zero based)
 Heap Region Size: 2M
 Heap Min Capacity: 8M
 Heap Initial Capacity: 250M
 Heap Max Capacity: 3980M
 Pre-touch: Disabled
 Parallel Workers: 8
 Concurrent Workers: 2
 Concurrent Refinement Workers: 8
 Periodic GC: Disabled
Heap:
 garbage-first heap   total 116736K, used 92259K [0x0000000707400000, 0x0000000800000000)
  region size 2048K, 28 young (57344K), 1 survivors (2048K)
 Metaspace       used 72558K, committed 73088K, reserved 1114112K
  class space    used 9972K, committed 10240K, reserved 1048576K
GC Heap History (20 events):
Event: 228204,199 GC heap before
{Heap before GC invocations=506 (full 0):
 garbage-first heap   total 116736K, used 98413K [0x0000000707400000, 0x0000000800000000)
  region size 2048K, 30 young (61440K), 1 survivors (2048K)
 Metaspace       used 72558K, committed 73088K, reserved 1114112K
  class space    used 9972K, committed 10240K, reserved 1048576K
}
Event: 228204,200 GC heap after
{Heap after GC invocations=507 (full 0):
 garbage-first heap   total 116736K, used 39013K [0x0000000707400000, 0x0000000800000000)
  region size 2048K, 1 young (2048K), 1 survivors (2048K)
 Metaspace       used 72558K, committed 73088K, reserved 1114112K
  class space    used 9972K, committed 10240K, reserved 1048576K
}
Event: 228670,141 GC heap before
{Heap before GC invocations=507 (full 0):
 garbage-first heap   total 116736K, used 98405K [0x0000000707400000, 0x0000000800000000)
  region size 2048K, 30 young (61440K), 1 survivors (2048K)
 Metaspace       used 72558K, committed 73088K, reserved 1114112K
  class space    used 9972K, committed 10240K, reserved 1048576K
}
Event: 228670,142 GC heap after
{Heap after GC invocations=508 (full 0):
 garbage-first heap   total 116736K, used 39065K [0x0000000707400000, 0x0000000800000000)
  region size 2048K, 1 young (2048K), 1 survivors (2048K)
 Metaspace       used 72558K, committed 73088K, reserved 1114112K
  class space    used 9972K, committed 10240K, reserved 1048576K
}
Event: 229144,149 GC heap before
{Heap before GC invocations=508 (full 0):
 garbage-first heap   total 116736K, used 98457K [0x0000000707400000, 0x0000000800000000)
  region size 2048K, 30 young (61440K), 1 survivors (2048K)
 Metaspace       used 72558K, committed 73088K, reserved 1114112K
  class space    used 9972K, committed 10240K, reserved 1048576K
}
Event: 229144,150 GC heap after
{Heap after GC invocations=509 (full 0):
 garbage-first heap   total 116736K, used 39009K [0x0000000707400000, 0x0000000800000000)
  region size 2048K, 1 young (2048K), 1 survivors (2048K)
 Metaspace       used 72558K, committed 73088K, reserved 1114112K
  class space    used 9972K, committed 10240K, reserved 1048576K
}
Event: 229614,157 GC heap before
{Heap before GC invocations=509 (full 0):
 garbage-first heap   total 116736K, used 98401K [0x0000000707400000, 0x0000000800000000)
  region size 2048K, 30 young (61440K), 1 survivors (2048K)
 Metaspace       used 72558K, committed 73088K, reserved 1114112K
  class space    used 9972K, committed 10240K, reserved 1048576K
}
Event: 229614,157 GC heap after
{Heap after GC invocations=510 (full 0):
 garbage-first heap   total 116736K, used 39009K [0x0000000707400000, 0x0000000800000000)
  region size 2048K, 1 young (2048K), 1 survivors (2048K)
 Metaspace       used 72558K, committed 73088K, reserved 1114112K
  class space    used 9972K, committed 10240K, reserved 1048576K
}
Event: 230080,458 GC heap before
{Heap before GC invocations=510 (full 0):
 garbage-first heap   total 116736K, used 98401K [0x0000000707400000, 0x0000000800000000)
  region size 2048K, 30 young (61440K), 1 survivors (2048K)
 Metaspace       used 72558K, committed 73088K, reserved 1114112K
  class space    used 9972K, committed 10240K, reserved 1048576K
}
Event: 230080,459 GC heap after
{Heap after GC invocations=511 (full 0):
 garbage-first heap   total 116736K, used 39009K [0x0000000707400000, 0x0000000800000000)
  region size 2048K, 1 young (2048K), 1 survivors (2048K)
 Metaspace       used 72558K, committed 73088K, reserved 1114112K
  class space    used 9972K, committed 10240K, reserved 1048576K
}
Event: 230545,888 GC heap before
{Heap before GC invocations=511 (full 0):
 garbage-first heap   total 116736K, used 98401K [0x0000000707400000, 0x0000000800000000)
  region size 2048K, 30 young (61440K), 1 survivors (2048K)
 Metaspace       used 72558K, committed 73088K, reserved 1114112K
  class space    used 9972K, committed 10240K, reserved 1048576K
}
Event: 230545,889 GC heap after
{Heap after GC invocations=512 (full 0):
 garbage-first heap   total 116736K, used 39045K [0x0000000707400000, 0x0000000800000000)
  region size 2048K, 1 young (2048K), 1 survivors (2048K)
 Metaspace       used 72558K, committed 73088K, reserved 1114112K
  class space    used 9972K, committed 10240K, reserved 1048576K
}
Event: 231014,884 GC heap before
{Heap before GC invocations=512 (full 0):
 garbage-first heap   total 116736K, used 98437K [0x0000000707400000, 0x0000000800000000)
  region size 2048K, 30 young (61440K), 1 survivors (2048K)
 Metaspace       used 72558K, committed 73088K, reserved 1114112K
  class space    used 9972K, committed 10240K, reserved 1048576K
}
Event: 231014,885 GC heap after
{Heap after GC invocations=513 (full 0):
 garbage-first heap   total 116736K, used 39027K [0x0000000707400000, 0x0000000800000000)
  region size 2048K, 1 young (2048K), 1 survivors (2048K)
 Metaspace       used 72558K, committed 73088K, reserved 1114112K
  class space    used 9972K, committed 10240K, reserved 1048576K
}
Event: 231484,212 GC heap before
{Heap before GC invocations=513 (full 0):
 garbage-first heap   total 116736K, used 98419K [0x0000000707400000, 0x0000000800000000)
  region size 2048K, 30 young (61440K), 1 survivors (2048K)
 Metaspace       used 72558K, committed 73088K, reserved 1114112K
  class space    used 9972K, committed 10240K, reserved 1048576K
}
Event: 231484,213 GC heap after
{Heap after GC invocations=514 (full 0):
 garbage-first heap   total 116736K, used 39049K [0x0000000707400000, 0x0000000800000000)
  region size 2048K, 1 young (2048K), 1 survivors (2048K)
 Metaspace       used 72558K, committed 73088K, reserved 1114112K
  class space    used 9972K, committed 10240K, reserved 1048576K
}
Event: 231954,897 GC heap before
{Heap before GC invocations=514 (full 0):
 garbage-first heap   total 116736K, used 98441K [0x0000000707400000, 0x0000000800000000)
  region size 2048K, 30 young (61440K), 1 survivors (2048K)
 Metaspace       used 72558K, committed 73088K, reserved 1114112K
  class space    used 9972K, committed 10240K, reserved 1048576K
}
Event: 231954,898 GC heap after
{Heap after GC invocations=515 (full 0):
 garbage-first heap   total 116736K, used 39049K [0x0000000707400000, 0x0000000800000000)
  region size 2048K, 1 young (2048K), 1 survivors (2048K)
 Metaspace       used 72558K, committed 73088K, reserved 1114112K
  class space    used 9972K, committed 10240K, reserved 1048576K
}
Event: 232429,888 GC heap before
{Heap before GC invocations=515 (full 0):
 garbage-first heap   total 116736K, used 98441K [0x0000000707400000, 0x0000000800000000)
  region size 2048K, 30 young (61440K), 1 survivors (2048K)
 Metaspace       used 72558K, committed 73088K, reserved 1114112K
  class space    used 9972K, committed 10240K, reserved 1048576K
}
Event: 232429,890 GC heap after
{Heap after GC invocations=516 (full 0):
 garbage-first heap   total 116736K, used 39011K [0x0000000707400000, 0x0000000800000000)
  region size 2048K, 1 young (2048K), 1 survivors (2048K)
 Metaspace       used 72558K, committed 73088K, reserved 1114112K
  class space    used 9972K, committed 10240K, reserved 1048576K
}

