# JRE version: OpenJDK Runtime Environment Temurin-17.0.4.1+1 (17.0.4.1+1) (build 17.0.4.1+1)
# Java VM: OpenJDK 64-Bit Server VM Temurin-17.0.4.1+1 (17.0.4.1+1, mixed mode, emulated-client, tiered, compressed oops, compressed class ptrs, g1 gc, linux-amd64)
GC Precious Log:
 CPUs: 8 total, 8 available
 Memory: 15914M
 Large Page Support: Disabled
 NUMA Support: Disabled
 Compressed Oops: Enabled (Zero based)
 Heap Region Size: 2M
 Heap Min Capacity: 8M
 Heap Initial Capacity: 250M
 Heap Max Capacity: 3980M
 Pre-touch: Disabled
 Parallel Workers: 8
 Concurrent Workers: 2
 Concurrent Refinement Workers: 8
 Periodic GC: Disabled
Heap:
 garbage-first heap   total 114688K, used 54210K [0x0000000707400000, 0x0000000800000000)
  region size 2048K, 7 young (14336K), 1 survivors (2048K)
 Metaspace       used 76693K, committed 77504K, reserved 1122304K
  class space    used 10574K, committed 11008K, reserved 1048576K
GC Heap History (20 events):
Event: 112174,584 GC heap before
{Heap before GC invocations=298 (full 0):
 garbage-first heap   total 114688K, used 97220K [0x0000000707400000, 0x0000000800000000)
  region size 2048K, 27 young (55296K), 1 survivors (2048K)
 Metaspace       used 76692K, committed 77504K, reserved 1122304K
  class space    used 10574K, committed 11008K, reserved 1048576K
}
Event: 112174,584 GC heap after
{Heap after GC invocations=299 (full 0):
 garbage-first heap   total 114688K, used 43974K [0x0000000707400000, 0x0000000800000000)
  region size 2048K, 1 young (2048K), 1 survivors (2048K)
 Metaspace       used 76692K, committed 77504K, reserved 1122304K
  class space    used 10574K, committed 11008K, reserved 1048576K
}
Event: 112584,954 GC heap before
{Heap before GC invocations=299 (full 0):
 garbage-first heap   total 114688K, used 97222K [0x0000000707400000, 0x0000000800000000)
  region size 2048K, 27 young (55296K), 1 survivors (2048K)
 Metaspace       used 76692K, committed 77504K, reserved 1122304K
  class space    used 10574K, committed 11008K, reserved 1048576K
}
Event: 112584,955 GC heap after
{Heap after GC invocations=300 (full 0):
 garbage-first heap   total 114688K, used 43970K [0x0000000707400000, 0x0000000800000000)
  region size 2048K, 1 young (2048K), 1 survivors (2048K)
 Metaspace       used 76692K, committed 77504K, reserved 1122304K
  class space    used 10574K, committed 11008K, reserved 1048576K
}
Event: 112994,638 GC heap before
{Heap before GC invocations=300 (full 0):
 garbage-first heap   total 114688K, used 97218K [0x0000000707400000, 0x0000000800000000)
  region size 2048K, 27 young (55296K), 1 survivors (2048K)
 Metaspace       used 76692K, committed 77504K, reserved 1122304K
  class space    used 10574K, committed 11008K, reserved 1048576K
}
Event: 112994,639 GC heap after
{Heap after GC invocations=301 (full 0):
 garbage-first heap   total 114688K, used 43976K [0x0000000707400000, 0x0000000800000000)
  region size 2048K, 1 young (2048K), 1 survivors (2048K)
 Metaspace       used 76692K, committed 77504K, reserved 1122304K
  class space    used 10574K, committed 11008K, reserved 1048576K
}
Event: 113404,167 GC heap before
{Heap before GC invocations=301 (full 0):
 garbage-first heap   total 114688K, used 97224K [0x0000000707400000, 0x0000000800000000)
  region size 2048K, 27 young (55296K), 1 survivors (2048K)
 Metaspace       used 76692K, committed 77504K, reserved 1122304K
  class space    used 10574K, committed 11008K, reserved 1048576K
}
Event: 113404,168 GC heap after
{Heap after GC invocations=302 (full 0):
 garbage-first heap   total 114688K, used 44014K [0x0000000707400000, 0x0000000800000000)
  region size 2048K, 1 young (2048K), 1 survivors (2048K)
 Metaspace       used 76692K, committed 77504K, reserved 1122304K
  class space    used 10574K, committed 11008K, reserved 1048576K
}
Event: 113813,167 GC heap before
{Heap before GC invocations=302 (full 0):
 garbage-first heap   total 114688K, used 97262K [0x0000000707400000, 0x0000000800000000)
  region size 2048K, 27 young (55296K), 1 survivors (2048K)
 Metaspace       used 76692K, committed 77504K, reserved 1122304K
  class space    used 10574K, committed 11008K, reserved 1048576K
}
Event: 113813,167 GC heap after
{Heap after GC invocations=303 (full 0):
 garbage-first heap   total 114688K, used 43966K [0x0000000707400000, 0x0000000800000000)
  region size 2048K, 1 young (2048K), 1 survivors (2048K)
 Metaspace       used 76692K, committed 77504K, reserved 1122304K
  class space    used 10574K, committed 11008K, reserved 1048576K
}
Event: 114223,167 GC heap before
{Heap before GC invocations=303 (full 0):
 garbage-first heap   total 114688K, used 97214K [0x0000000707400000, 0x0000000800000000)
  region size 2048K, 27 young (55296K), 1 survivors (2048K)
 Metaspace       used 76692K, committed 77504K, reserved 1122304K
  class space    used 10574K, committed 11008K, reserved 1048576K
}
Event: 114223,167 GC heap after
{Heap after GC invocations=304 (full 0):
 garbage-first heap   total 114688K, used 44012K [0x0000000707400000, 0x0000000800000000)
  region size 2048K, 1 young (2048K), 1 survivors (2048K)
 Metaspace       used 76692K, committed 77504K, reserved 1122304K
  class space    used 10574K, committed 11008K, reserved 1048576K
}
Event: 114636,771 GC heap before
{Heap before GC invocations=304 (full 0):
 garbage-first heap   total 114688K, used 97260K [0x0000000707400000, 0x0000000800000000)
  region size 2048K, 27 young (55296K), 1 survivors (2048K)
 Metaspace       used 76692K, committed 77504K, reserved 1122304K
  class space    used 10574K, committed 11008K, reserved 1048576K
}
Event: 114636,771 GC heap after
{Heap after GC invocations=305 (full 0):
 garbage-first heap   total 114688K, used 44018K [0x0000000707400000, 0x0000000800000000)
  region size 2048K, 1 young (2048K), 1 survivors (2048K)
 Metaspace       used 76692K, committed 77504K, reserved 1122304K
  class space    used 10574K, committed 11008K, reserved 1048576K
}
Event: 115044,666 GC heap before
{Heap before GC invocations=305 (full 0):
 garbage-first heap   total 114688K, used 97266K [0x0000000707400000, 0x0000000800000000)
  region size 2048K, 27 young (55296K), 1 survivors (2048K)
 Metaspace       used 76692K, committed 77504K, reserved 1122304K
  class space    used 10574K, committed 11008K, reserved 1048576K
}
Event: 115044,667 GC heap after
{Heap after GC invocations=306 (full 0):
 garbage-first heap   total 114688K, used 43970K [0x0000000707400000, 0x0000000800000000)
  region size 2048K, 1 young (2048K), 1 survivors (2048K)
 Metaspace       used 76692K, committed 77504K, reserved 1122304K
  class space    used 10574K, committed 11008K, reserved 1048576K
}
Event: 115456,512 GC heap before
{Heap before GC invocations=306 (full 0):
 garbage-first heap   total 114688K, used 97218K [0x0000000707400000, 0x0000000800000000)
  region size 2048K, 27 young (55296K), 1 survivors (2048K)
 Metaspace       used 76692K, committed 77504K, reserved 1122304K
  class space    used 10574K, committed 11008K, reserved 1048576K
}
Event: 115456,514 GC heap after
{Heap after GC invocations=307 (full 0):
 garbage-first heap   total 114688K, used 43974K [0x0000000707400000, 0x0000000800000000)
  region size 2048K, 1 young (2048K), 1 survivors (2048K)
 Metaspace       used 76692K, committed 77504K, reserved 1122304K
  class space    used 10574K, committed 11008K, reserved 1048576K
}
Event: 115866,869 GC heap before
{Heap before GC invocations=307 (full 0):
 garbage-first heap   total 114688K, used 97222K [0x0000000707400000, 0x0000000800000000)
  region size 2048K, 27 young (55296K), 1 survivors (2048K)
 Metaspace       used 76692K, committed 77504K, reserved 1122304K
  class space    used 10574K, committed 11008K, reserved 1048576K
}
Event: 115866,869 GC heap after
{Heap after GC invocations=308 (full 0):
 garbage-first heap   total 114688K, used 43970K [0x0000000707400000, 0x0000000800000000)
  region size 2048K, 1 young (2048K), 1 survivors (2048K)
 Metaspace       used 76692K, committed 77504K, reserved 1122304K
  class space    used 10574K, committed 11008K, reserved 1048576K
}

